C51 COMPILER V9.57.0.0   1                                                                 01/28/2021 21:03:48 PAGE 1   


C51 COMPILER V9.57.0.0, COMPILATION OF MODULE 1
OBJECT MODULE PLACED IN .\Objects\1.obj
COMPILER INVOKED BY: E:\Program Files (x86)\keil\C51\BIN\C51.EXE 1.c OPTIMIZE(8,SPEED) BROWSE DEBUG OBJECTEXTEND PRINT(.
                    -\Listings\1.lst) TABS(2) OBJECT(.\Objects\1.obj)

line level    source

   1          #include <reg52.h>
   2          #define uint unsigned int 
   3          #define uchar unsigned char
   4          
   5          sbit k3=P3^2;
   6          sbit ESA=P2^2;
   7          sbit ESB=P2^3;
   8          sbit ESC=P2^4;
   9          
  10          void delay(uint a)
  11          {
  12   1        while(a--);
  13   1      }
  14          
  15          void init0()
  16          {
  17   1        EA=1;//打开总中断
  18   1        EX0=1;//打开外部中断0
  19   1        IT0=0;//触发方式：跳变沿
  20   1        //TT0=0;//触发方式：电平触发
  21   1      }
  22          
  23          void int0() interrupt 0
  24          {
  25   1        delay(1000);//按键防抖；
  26   1        if (k3==0)//判断是否按下了按键
  27   1        {
  28   2          ESA=1;
  29   2          ESB=0;
  30   2          ESC=1;
  31   2          P0=0x6f;
  32   2          delay(1000);
  33   2        }
  34   1      }
  35          
  36          void main()
  37          {
  38   1        init0();
  39   1        P2=0x00;
  40   1        while(1)
  41   1        {
  42   2          P2=~P2;
  43   2          delay(50000);
  44   2        }
  45   1      }


MODULE INFORMATION:   STATIC OVERLAYABLE
   CODE SIZE        =     86    ----
   CONSTANT SIZE    =   ----    ----
   XDATA SIZE       =   ----    ----
   PDATA SIZE       =   ----    ----
   DATA SIZE        =   ----    ----
   IDATA SIZE       =   ----    ----
C51 COMPILER V9.57.0.0   1                                                                 01/28/2021 21:03:48 PAGE 2   

   BIT SIZE         =   ----    ----
END OF MODULE INFORMATION.


C51 COMPILATION COMPLETE.  0 WARNING(S),  0 ERROR(S)
