C51 COMPILER V9.54   1                                                                     02/04/2021 16:24:10 PAGE 1   


C51 COMPILER V9.54, COMPILATION OF MODULE 1
OBJECT MODULE PLACED IN .\Objects\1.obj
COMPILER INVOKED BY: E:\Program Files (x86)\keil\C51\BIN\C51.EXE 1.c OPTIMIZE(8,SPEED) BROWSE DEBUG OBJECTEXTEND PRINT(.
                    -\Listings\1.lst) TABS(2) OBJECT(.\Objects\1.obj)

line level    source

   1          #include <reg52.h>
   2          #define uint unsigned int
   3          #define uchar unsigned char
   4            
   5          sbit LSA=P2^2;
   6          sbit LSB=P2^3;
   7          sbit LSC=P2^4;
   8          
   9          uchar code smg[]={0x40,0x7d,0x6d,0x66,0x4f,0x5b,0x06,0x40};
  10          uchar i=0;
  11          
  12          void delay(uint a)
  13          {
  14   1        while(a--);
  15   1      }
  16          
  17          void main()
  18          {
  19   1        while(1)
  20   1        {
  21   2          for(i=0;i<8;i++)
  22   2          {
  23   3            switch(i)
  24   3            {
  25   4              case 0:
  26   4                LSA=1;LSB=1;LSC=1;break;
  27   4              case 1:
  28   4                LSA=0;LSB=1;LSC=1;break;
  29   4              case 2:
  30   4                LSA=1;LSB=0;LSC=1;break;
  31   4              case 3:
  32   4                LSA=0;LSB=0;LSC=1;break;
  33   4              case 4:
  34   4                LSA=1;LSB=1;LSC=0;break;
  35   4              case 5:
  36   4                LSA=0;LSB=1;LSC=0;break;
  37   4              case 6:
  38   4                LSA=1;LSB=0;LSC=0;break;
  39   4              case 7:
  40   4                LSA=0;LSB=0;LSC=0;break;
  41   4            }
  42   3            P0=smg[i];
  43   3            delay(100);
  44   3            P0=0x00;//ÏûÓ°
  45   3          }
  46   2        }
  47   1      }


MODULE INFORMATION:   STATIC OVERLAYABLE
   CODE SIZE        =    127    ----
   CONSTANT SIZE    =      8    ----
   XDATA SIZE       =   ----    ----
   PDATA SIZE       =   ----    ----
C51 COMPILER V9.54   1                                                                     02/04/2021 16:24:10 PAGE 2   

   DATA SIZE        =      1    ----
   IDATA SIZE       =   ----    ----
   BIT SIZE         =   ----    ----
END OF MODULE INFORMATION.


C51 COMPILATION COMPLETE.  0 WARNING(S),  0 ERROR(S)
