C51 COMPILER V9.57.0.0   1                                                                 02/03/2021 13:16:32 PAGE 1   


C51 COMPILER V9.57.0.0, COMPILATION OF MODULE 1
OBJECT MODULE PLACED IN .\Objects\1.obj
COMPILER INVOKED BY: E:\Program Files (x86)\keil\C51\BIN\C51.EXE 1.c OPTIMIZE(8,SPEED) BROWSE DEBUG OBJECTEXTEND PRINT(.
                    -\Listings\1.lst) TABS(2) OBJECT(.\Objects\1.obj)

line level    source

   1          #include <reg52.h>
   2          
   3          #define uint unsigned int
   4            
   5          sbit LSA=P2^2;
   6          sbit LSB=P2^3;
   7          sbit LSC=P2^4;
   8          
   9          void delay(uint a)
  10          {
  11   1        while(a--);
  12   1      }
  13          
  14          int check_sys()
  15          {
  16   1        int a = 1;
  17   1        return (*(char*)&a);
  18   1      }
  19          
  20          int main()
  21          {
  22   1        int ret = check_sys();
  23   1        LSA=1;
  24   1        LSB=1;
  25   1        LSC=1;
  26   1        while(1)
  27   1        {
  28   2          if (ret == 1)
  29   2          {
  30   3            P0=0x06;//在数码管的末位显示 1
  31   3          }
  32   2          else
  33   2          {
  34   3            P0=0x3f;//在数码管的末位显示 0
  35   3          }
  36   2          delay(1000);
  37   2        }
  38   1      }


MODULE INFORMATION:   STATIC OVERLAYABLE
   CODE SIZE        =     61    ----
   CONSTANT SIZE    =   ----    ----
   XDATA SIZE       =   ----    ----
   PDATA SIZE       =   ----    ----
   DATA SIZE        =   ----       2
   IDATA SIZE       =   ----    ----
   BIT SIZE         =   ----    ----
END OF MODULE INFORMATION.


C51 COMPILATION COMPLETE.  0 WARNING(S),  0 ERROR(S)
