C51 COMPILER V9.57.0.0   5                                                                 01/24/2021 21:43:08 PAGE 1   


C51 COMPILER V9.57.0.0, COMPILATION OF MODULE 5
OBJECT MODULE PLACED IN .\Objects\5.obj
COMPILER INVOKED BY: E:\Program Files (x86)\keil\C51\BIN\C51.EXE 5.c OPTIMIZE(8,SPEED) BROWSE DEBUG OBJECTEXTEND PRINT(.
                    -\Listings\5.lst) TABS(2) OBJECT(.\Objects\5.obj)

line level    source

   1          #include <reg52.h>
   2          /***********************************************************************
   3          ***        8个发光管间隔200ms由上至下，再由下至上，再重复一次，      ***
   4          ***        然后全部熄灭再以300ms间隔全部闪烁5次。重复此过程。        ***
   5          ***********************************************************************/
   6          #include <intrins.h>
   7          #define uint unsigned int
   8            
   9          void delay(uint a)
  10          {
  11   1        while(a--);
  12   1      }
  13          
  14          void main()
  15          {
  16   1        int i=0, j=0;
  17   1        while(1)
  18   1        {
  19   2          for(i=0; i<2; i++)
  20   2          {
  21   3            P2=0xfe;
  22   3            for (j=0;j<7;j++)//本来就有一个灯亮，所以只需移动8-1次
  23   3            {
  24   4              delay(44500);
  25   4              P2=_crol_(P2,1);
  26   4            }
  27   3            for (j=0;j<7;j++)
  28   3            {
  29   4              delay(44500);
  30   4              P2=_cror_(P2,1);        
  31   4            }
  32   3          }
  33   2          P2=0xff;
  34   2          for(i=0;i<11;i++)
  35   2          {
  36   3            delay(65534);
  37   3            delay(300);
  38   3            P2=~P2;
  39   3          }
  40   2        }
  41   1      }


MODULE INFORMATION:   STATIC OVERLAYABLE
   CODE SIZE        =    137    ----
   CONSTANT SIZE    =   ----    ----
   XDATA SIZE       =   ----    ----
   PDATA SIZE       =   ----    ----
   DATA SIZE        =   ----    ----
   IDATA SIZE       =   ----    ----
   BIT SIZE         =   ----    ----
END OF MODULE INFORMATION.


C51 COMPILATION COMPLETE.  0 WARNING(S),  0 ERROR(S)
