C51 COMPILER V9.57.0.0   3                                                                 02/03/2021 22:29:22 PAGE 1   


C51 COMPILER V9.57.0.0, COMPILATION OF MODULE 3
OBJECT MODULE PLACED IN .\Objects\3.obj
COMPILER INVOKED BY: E:\Program Files (x86)\keil\C51\BIN\C51.EXE 3.c OPTIMIZE(8,SPEED) BROWSE DEBUG OBJECTEXTEND PRINT(.
                    -\Listings\3.lst) TABS(2) OBJECT(.\Objects\3.obj)

line level    source

   1          
   2          #include<reg52.h>
   3          
   4          #define uchar unsigned char
   5          #define uint unsigned int 
   6            
   7          //同时用两个定时器控制蜂鸣器发声，定时器0控制频率，定时器1控制同个频率持续的时间，
   8          //间隔300ms依次输出1，10，50,100，200,400,800,1k（hz）的方波。
   9          
  10          sbit beep=P1^5;
  11          
  12          uint code yanshi[]={50000,10000,5000,2500,1250,625,500};
  13          
  14          uchar t,bp,pd;
  15          
  16          void time0() interrupt 1 //定时器0控制频率
  17          {
  18   1        TH0=(65536-yanshi[pd])/256;
  19   1        TL0=(65536-yanshi[pd])%256;
  20   1        bp++;
  21   1      }
  22          
  23          void time1() interrupt 3 //定时器1控制间隔
  24          {
  25   1        TH1=(65536-50000)/256;
  26   1        TL1=(65536-50000)%256;
  27   1        t++;
  28   1      }
  29          
  30          void init()
  31          {
  32   1        EA=1;
  33   1        ET0=1;
  34   1        ET1=1;
  35   1        TMOD=0x11;
  36   1        TH0=(65536-yanshi[pd])/256;
  37   1        TL0=(65536-yanshi[pd])%256; 
  38   1        TH1=(65536-50000)/256;
  39   1        TL1=(65536-50000)%256;
  40   1        TR0=1;TR1=1;
  41   1      }
  42          
  43          
  44          void main()
  45          {
  46   1        bp=0;
  47   1        pd=0;
  48   1        beep=0;
  49   1        t=0;
  50   1        
  51   1        init();
  52   1        
  53   1        while(1)
  54   1        {
C51 COMPILER V9.57.0.0   3                                                                 02/03/2021 22:29:22 PAGE 2   

  55   2          if(bp>0)
  56   2          {
  57   3            TR0=0;
  58   3            bp=0;
  59   3            beep=~beep;
  60   3            if(t==6)//控制300ms
  61   3            {
  62   4              pd++;
  63   4              t=0;
  64   4            }
  65   3            if(pd==7)//控制yanshi[pd]的值
  66   3            {
  67   4              pd=0;
  68   4            }
  69   3            TR0=1;
  70   3          }
  71   2        }
  72   1      }
  73          
  74          /*
  75          void main()
  76          {
  77            bp=0;
  78            pd=0;
  79            beep=0;
  80            t=0;
  81            init();
  82            while(1)
  83            {
  84              while(t<6)
  85              {
  86                if(bp>0)
  87                {
  88                  TR0=0;
  89                  bp=0;
  90                  beep=~beep;
  91                  TR0=1;
  92                }
  93              }
  94              t=0;
  95              pd++;
  96              if(pd>6)
  97              {
  98                pd=0;
  99              }
 100            }
 101          }
 102          */


MODULE INFORMATION:   STATIC OVERLAYABLE
   CODE SIZE        =    327    ----
   CONSTANT SIZE    =     14    ----
   XDATA SIZE       =   ----    ----
   PDATA SIZE       =   ----    ----
   DATA SIZE        =      3    ----
   IDATA SIZE       =   ----    ----
   BIT SIZE         =   ----    ----
END OF MODULE INFORMATION.


C51 COMPILATION COMPLETE.  0 WARNING(S),  0 ERROR(S)
