C51 COMPILER V9.57.0.0   2                                                                 01/31/2021 18:41:28 PAGE 1   


C51 COMPILER V9.57.0.0, COMPILATION OF MODULE 2
OBJECT MODULE PLACED IN .\Objects\2.obj
COMPILER INVOKED BY: E:\Program Files (x86)\keil\C51\BIN\C51.EXE 2.c OPTIMIZE(8,SPEED) BROWSE DEBUG OBJECTEXTEND PRINT(.
                    -\Listings\2.lst) TABS(2) OBJECT(.\Objects\2.obj)

line level    source

   1          #include <reg52.h>
   2          #include <intrins.h>
   3          //利用定时/计数器T1产生定时时钟,由P1口控制8个发光二极管,使8个指示灯依次一个一个闪动
   4          //，闪动频率为10次/秒(8个灯依次亮一遍为一个周期)，循环。
   5          
   6          #define uint unsigned int
   7          #define uchar unsigned char
   8            
   9          
  10          uint i=0;
  11          uint count=0;
  12          uchar temp=0xfe;
  13          
  14          void init_time0()
  15          {
  16   1        EA=1;
  17   1        TMOD=1;
  18   1        ET0=1;
  19   1        TR0=1;
  20   1        TH0=0xDC;//10ms
  21   1        TL0=0x05;
  22   1      }
  23          
  24          void time0() interrupt 1
  25          {
  26   1        TH0=0xDC;//10ms
  27   1        TL0=0x05;
  28   1        i++;
  29   1      
  30   1      }
  31          
  32          void main()
  33          {
  34   1        init_time0();
  35   1        while(1)
  36   1        {
  37   2          if(i==50)
  38   2          {
  39   3            i=0;
  40   3            count++;
  41   3            if(count%2==0)
  42   3            {
  43   4              if (count<16)
  44   4              {
  45   5                P2=temp;
  46   5                temp=_crol_(temp,1);
  47   5              }
  48   4              else 
  49   4              {
  50   5                P2=temp;
  51   5                temp=_cror_(temp,1);
  52   5              }
  53   4              if(count==28)
  54   4              {
C51 COMPILER V9.57.0.0   2                                                                 01/31/2021 18:41:28 PAGE 2   

  55   5                count=0;
  56   5              }
  57   4            }
  58   3            else
  59   3            {
  60   4              P2=0xff;
  61   4            }
  62   3          }
  63   2        }
  64   1      }


MODULE INFORMATION:   STATIC OVERLAYABLE
   CODE SIZE        =    123    ----
   CONSTANT SIZE    =   ----    ----
   XDATA SIZE       =   ----    ----
   PDATA SIZE       =   ----    ----
   DATA SIZE        =      5    ----
   IDATA SIZE       =   ----    ----
   BIT SIZE         =   ----    ----
END OF MODULE INFORMATION.


C51 COMPILATION COMPLETE.  0 WARNING(S),  0 ERROR(S)
