C51 COMPILER V9.57.0.0   _1                                                                01/23/2021 21:11:07 PAGE 1   


C51 COMPILER V9.57.0.0, COMPILATION OF MODULE _1
OBJECT MODULE PLACED IN .\Objects\_1.obj
COMPILER INVOKED BY: E:\Program Files (x86)\keil\C51\BIN\C51.EXE _1.c OPTIMIZE(8,SPEED) BROWSE DEBUG OBJECTEXTEND PRINT(
                    -.\Listings\_1.lst) TABS(2) OBJECT(.\Objects\_1.obj)

line level    source

   1          #include <reg52.h>
   2          #define uint unsigned int
   3          sbit beep=P1^5;
   4          
   5          void delay(uint a)
   6          {
   7   1        while(a--);
   8   1      }
   9          
  10          void main()
  11          {
  12   1        while(1)
  13   1        {
  14   2          beep=0;
  15   2          delay(500);
  16   2          beep=1;
  17   2          delay(500);
  18   2      
  19   2        }
  20   1      }


MODULE INFORMATION:   STATIC OVERLAYABLE
   CODE SIZE        =     31    ----
   CONSTANT SIZE    =   ----    ----
   XDATA SIZE       =   ----    ----
   PDATA SIZE       =   ----    ----
   DATA SIZE        =   ----    ----
   IDATA SIZE       =   ----    ----
   BIT SIZE         =   ----    ----
END OF MODULE INFORMATION.


C51 COMPILATION COMPLETE.  0 WARNING(S),  0 ERROR(S)
