C51 COMPILER V9.57.0.0   1                                                                 01/25/2021 22:31:43 PAGE 1   


C51 COMPILER V9.57.0.0, COMPILATION OF MODULE 1
OBJECT MODULE PLACED IN .\Objects\1.obj
COMPILER INVOKED BY: E:\Program Files (x86)\keil\C51\BIN\C51.EXE 1.c OPTIMIZE(8,SPEED) BROWSE DEBUG OBJECTEXTEND PRINT(.
                    -\Listings\1.lst) TABS(2) OBJECT(.\Objects\1.obj)

line level    source

   1          #include <reg52.h>
   2          #include <intrins.h>
   3          
   4          #define uint unsigned int
   5          #define uchar unsigned char
   6          
   7          sbit LSA = P2^2;
   8          sbit LSB = P2^3;
   9          sbit LSC = P2^4;
  10          sbit LED = P2^7;
  11          sbit beep = P1^5;
  12          uchar tt;
  13          uint num;
  14          uchar code table[17]={0x3f,0x06,0x5b,0x4f,0x66,0x6d,0x7d,0x07,
  15                        0x7f,0x6f,0x77,0x7c,0x39,0x5e,0x79,0x71};//显示0~F的值
  16          
  17          
  18          void delay(uint a)
  19          {
  20   1        while(a--);
  21   1      }
  22          
  23          /*
  24          int pow(int a,int b)
  25          {
  26            int ret=1;
  27            int i=0;
  28            for(i=0;i<b;i++)
  29            {
  30              ret*=a;
  31            }
  32            return ret;
  33          }
  34          */
  35          
  36          void exter1() interrupt 1 //
  37          {
  38   1        TH0 = (65536 - 50000)/256;//定时器0高8位
  39   1        TL0 = (65536 - 50000)%256;//定时器0低8位
  40   1        tt++;
  41   1      }
  42          
  43          /*
  44          void exter0() interrupt 0 //中断0
  45          {
  46            beep = ~beep;
  47            delay(100);
  48          }
  49          */
  50          
  51          void main()
  52          {
  53   1        num = 0;
  54   1        tt = 0;
C51 COMPILER V9.57.0.0   1                                                                 01/25/2021 22:31:43 PAGE 2   

  55   1        TMOD = 0x01;//设置定时器0为工作方式1
  56   1        TH0 = (65536 - 50000)/256;//定时器0高8位
  57   1        TL0 = (65536 - 50000)%256;//定时器0低8位
  58   1        //TH1 定时器1高8位   TL1  定时器1低8位
  59   1        EA = 1; //打开总中断  
  60   1        ET0 = 1; //开定时器0中断
  61   1        TR0 = 1;//启动定时器0
  62   1        //EX0 = 1; //打开外部中断0
  63   1        //IT0 = 0; 默认为0，即为电平触发方式 P32;
  64   1        //IT0 = 1;//跳变沿触发方式
  65   1        // TCON = 0x01; // 通过位操作调节触发方式，效果与上相同
  66   1        while(1)
  67   1        {
  68   2          if(tt == 4)//一个tt 50毫秒
  69   2          {
  70   3            tt = 0;
  71   3            LED = 1;
  72   3            LSA = 0;
  73   3            LSB = 0;
  74   3            LSC = 0;
  75   3            P0 = table[num];
  76   3            num++;
  77   3            if (num == 16)
  78   3              num = 0;
  79   3          } 
  80   2        }
  81   1      }
  82          


MODULE INFORMATION:   STATIC OVERLAYABLE
   CODE SIZE        =     94    ----
   CONSTANT SIZE    =     17    ----
   XDATA SIZE       =   ----    ----
   PDATA SIZE       =   ----    ----
   DATA SIZE        =      3    ----
   IDATA SIZE       =   ----    ----
   BIT SIZE         =   ----    ----
END OF MODULE INFORMATION.


C51 COMPILATION COMPLETE.  0 WARNING(S),  0 ERROR(S)
