C51 COMPILER V9.57.0.0   1                                                                 01/23/2021 22:12:09 PAGE 1   


C51 COMPILER V9.57.0.0, COMPILATION OF MODULE 1
OBJECT MODULE PLACED IN .\Objects\1.obj
COMPILER INVOKED BY: E:\Program Files (x86)\keil\C51\BIN\C51.EXE 1.c OPTIMIZE(8,SPEED) BROWSE DEBUG OBJECTEXTEND PRINT(.
                    -\Listings\1.lst) TABS(2) OBJECT(.\Objects\1.obj)

line level    source

   1          #include <reg52.h>
   2          #define uint unsigned int 
   3          
   4          /***第一个发光管以间隔200ms闪烁***/
   5          
   6          sbit D1 = P2^0;
   7          
   8          void delay(uint a)
   9          {
  10   1        while(a--);
  11   1      }
  12          
  13          void main()
  14          {
  15   1        D1=0;
  16   1        while(1)
  17   1        {
  18   2          D1=~D1;
  19   2          delay(44500);
  20   2        }
  21   1      }
  22            


MODULE INFORMATION:   STATIC OVERLAYABLE
   CODE SIZE        =     24    ----
   CONSTANT SIZE    =   ----    ----
   XDATA SIZE       =   ----    ----
   PDATA SIZE       =   ----    ----
   DATA SIZE        =   ----    ----
   IDATA SIZE       =   ----    ----
   BIT SIZE         =   ----    ----
END OF MODULE INFORMATION.


C51 COMPILATION COMPLETE.  0 WARNING(S),  0 ERROR(S)
