C51 COMPILER V9.57.0.0   C                                                                 01/26/2021 22:40:35 PAGE 1   


C51 COMPILER V9.57.0.0, COMPILATION OF MODULE C
OBJECT MODULE PLACED IN .\Objects\c.obj
COMPILER INVOKED BY: E:\Program Files (x86)\keil\C51\BIN\C51.EXE c.c OPTIMIZE(8,SPEED) BROWSE DEBUG OBJECTEXTEND PRINT(.
                    -\Listings\c.lst) TABS(2) OBJECT(.\Objects\c.obj)

line level    source

   1          #include <reg52.h>
   2          
   3          sbit LSA=P2^2;
   4          sbit LSB=P2^3;
   5          sbit LSC=P2^4;
   6          
   7          #define uint unsigned int 
   8          #define uchar unsigned char
   9            
  10          void delay(uint a)
  11          {
  12   1        while(a--);
  13   1      }
  14          
  15          void main()
  16          {
  17   1        int j=0,i=0;
  18   1        while(1)
  19   1        {
  20   2          for(i=0;i<8;i++)//此效果为数码管按位显示 520-1314
  21   2          {
  22   3            P0=0x00;//消影
  23   3            switch(i)         
  24   3            {
  25   4              case(0):
  26   4                      LSA=0;LSB=0;LSC=0; P0=0x66; break;
  27   4              case(1):
  28   4                      LSA=1;LSB=0;LSC=0; P0=0x06; break;
  29   4              case(2):
  30   4                      LSA=0;LSB=1;LSC=0; P0=0x4f; break;
  31   4              case(3):
  32   4                      LSA=1;LSB=1;LSC=0; P0=0x06; break;
  33   4              case(4):
  34   4                      LSA=0;LSB=0;LSC=1; P0=0x40; break;
  35   4              case(5):
  36   4                      LSA=1;LSB=0;LSC=1; P0=0x3f; break;
  37   4              case(6):
  38   4                      LSA=0;LSB=1;LSC=1; P0=0x5b; break;
  39   4              case(7):
  40   4                      LSA=1;LSB=1;LSC=1; P0=0x6d; break;
  41   4            }
  42   3            delay(100);
  43   3          }
  44   2        }
  45   1      }


MODULE INFORMATION:   STATIC OVERLAYABLE
   CODE SIZE        =    167    ----
   CONSTANT SIZE    =   ----    ----
   XDATA SIZE       =   ----    ----
   PDATA SIZE       =   ----    ----
   DATA SIZE        =   ----       2
   IDATA SIZE       =   ----    ----
C51 COMPILER V9.57.0.0   C                                                                 01/26/2021 22:40:35 PAGE 2   

   BIT SIZE         =   ----    ----
END OF MODULE INFORMATION.


C51 COMPILATION COMPLETE.  0 WARNING(S),  0 ERROR(S)
