C51 COMPILER V9.57.0.0   4                                                                 01/24/2021 21:11:49 PAGE 1   


C51 COMPILER V9.57.0.0, COMPILATION OF MODULE 4
OBJECT MODULE PLACED IN .\Objects\4.obj
COMPILER INVOKED BY: E:\Program Files (x86)\keil\C51\BIN\C51.EXE 4.c OPTIMIZE(8,SPEED) BROWSE DEBUG OBJECTEXTEND PRINT(.
                    -\Listings\4.lst) TABS(2) OBJECT(.\Objects\4.obj)

line level    source

   1          #include <reg52.h>
   2          /**************************************************************
   3          ***        用8个发光管演示出8位二进制数累加过程。           ***
   4          **************************************************************/
   5          #define uint unsigned int
   6          #define uchar unsigned char
   7          
   8          void delay(uint a)
   9          {
  10   1        while(a--);
  11   1      }
  12          
  13          void main()
  14          {
  15   1        int i = 0;
  16   1        while(1)
  17   1        {
  18   2          P2=0xff;//若为0xff，第一灯永远不亮？？？
  19   2          for(i=0;i<256;i++)//1~2**8  八个灯，每一个为两种状态
  20   2          {
  21   3            delay(50000);
  22   3            P2-=0x01;
  23   3          }
  24   2        }
  25   1      }


MODULE INFORMATION:   STATIC OVERLAYABLE
   CODE SIZE        =     41    ----
   CONSTANT SIZE    =   ----    ----
   XDATA SIZE       =   ----    ----
   PDATA SIZE       =   ----    ----
   DATA SIZE        =   ----    ----
   IDATA SIZE       =   ----    ----
   BIT SIZE         =   ----    ----
END OF MODULE INFORMATION.


C51 COMPILATION COMPLETE.  0 WARNING(S),  0 ERROR(S)
