C51 COMPILER V9.57.0.0   _1                                                                01/23/2021 20:39:30 PAGE 1   


C51 COMPILER V9.57.0.0, COMPILATION OF MODULE _1
OBJECT MODULE PLACED IN .\Objects\_1.obj
COMPILER INVOKED BY: E:\Program Files (x86)\keil\C51\BIN\C51.EXE _1.c OPTIMIZE(8,SPEED) BROWSE DEBUG OBJECTEXTEND PRINT(
                    -.\Listings\_1.lst) TABS(2) OBJECT(.\Objects\_1.obj)

line level    source

   1          #include <reg52.h>
   2          #include <intrins.h>
   3          #define uint unsigned int
   4          #define uchar unsigned char
   5            
   6          uchar temp;
   7          
   8          void delay(uint a)
   9          {
  10   1        while(a--);
  11   1      }
  12          
  13          void main()
  14          {
  15   1        temp=0xfe;
  16   1        P2=temp;
  17   1        while(1)
  18   1        {
  19   2          temp=_crol_(temp,1);
  20   2          delay(5000);
  21   2          P2=temp;
  22   2        }
  23   1        
  24   1      }


MODULE INFORMATION:   STATIC OVERLAYABLE
   CODE SIZE        =     42    ----
   CONSTANT SIZE    =   ----    ----
   XDATA SIZE       =   ----    ----
   PDATA SIZE       =   ----    ----
   DATA SIZE        =      1    ----
   IDATA SIZE       =   ----    ----
   BIT SIZE         =   ----    ----
END OF MODULE INFORMATION.


C51 COMPILATION COMPLETE.  0 WARNING(S),  0 ERROR(S)
