C51 COMPILER V9.57.0.0   2                                                                 01/28/2021 21:10:05 PAGE 1   


C51 COMPILER V9.57.0.0, COMPILATION OF MODULE 2
OBJECT MODULE PLACED IN .\Objects\2.obj
COMPILER INVOKED BY: E:\Program Files (x86)\keil\C51\BIN\C51.EXE 2.c OPTIMIZE(8,SPEED) BROWSE DEBUG OBJECTEXTEND PRINT(.
                    -\Listings\2.lst) TABS(2) OBJECT(.\Objects\2.obj)

line level    source

   1          #include <reg52.h>
   2          #define uint unsigned int 
   3          #define uchar unsigned char
   4          
   5          sbit k3=P3^3;
   6          sbit beep=P1^5;
   7          
   8          sbit ESA=P2^2;
   9          sbit ESB=P2^3;
  10          sbit ESC=P2^4;
  11          
  12          void delay(uint a)
  13          {
  14   1        while(a--);
  15   1      }
  16          
  17          void init1()
  18          {
  19   1        EA=1;//打开总中断
  20   1        EX1=1;//打开外部中断1
  21   1        IT1=1;//触发方式：跳变沿
  22   1        //TT1=0;//触发方式：电平触发
  23   1      }
  24          
  25          void int1() interrupt 2
  26          {
  27   1        delay(1000);//按键防抖；
  28   1        if (k3==0)//判断是否按下了按键
  29   1        {
  30   2          ESA=1;
  31   2          ESB=0;
  32   2          ESC=1;
  33   2          P0=0xff;
  34   2          beep=~beep;
  35   2          delay(100);
  36   2        }
  37   1      }
  38          
  39          void main()
  40          {
  41   1        init1();
  42   1        P2=0x00;
  43   1        while(1)
  44   1        {
  45   2          P2=~P2;
  46   2          delay(50000);
  47   2        }
  48   1      }


MODULE INFORMATION:   STATIC OVERLAYABLE
   CODE SIZE        =     88    ----
   CONSTANT SIZE    =   ----    ----
   XDATA SIZE       =   ----    ----
C51 COMPILER V9.57.0.0   2                                                                 01/28/2021 21:10:05 PAGE 2   

   PDATA SIZE       =   ----    ----
   DATA SIZE        =   ----    ----
   IDATA SIZE       =   ----    ----
   BIT SIZE         =   ----    ----
END OF MODULE INFORMATION.


C51 COMPILATION COMPLETE.  0 WARNING(S),  0 ERROR(S)
