C51 COMPILER V9.57.0.0   4                                                                 01/28/2021 22:27:11 PAGE 1   


C51 COMPILER V9.57.0.0, COMPILATION OF MODULE 4
OBJECT MODULE PLACED IN .\Objects\4.obj
COMPILER INVOKED BY: E:\Program Files (x86)\keil\C51\BIN\C51.EXE 4.c OPTIMIZE(8,SPEED) BROWSE DEBUG OBJECTEXTEND PRINT(.
                    -\Listings\4.lst) TABS(2) OBJECT(.\Objects\4.obj)

line level    source

   1          #include <reg52.h>
   2          
   3          unsigned int i = 0;
   4          
   5          void init1()
   6          {
   7   1        EA=1;//打开总中断 
   8   1        ET1=1;//打开计数器0
   9   1        TMOD|=0x10;//设置定时器工作模式  ： 计时器1，工作方式1
  10   1        TR1=1;//开始计数
  11   1        //TH0=(65536-50000)/256;
  12   1        //TL0=(65536-50000)%256;
  13   1        TH0=0x3c;
  14   1        TL0=0xb0;
  15   1      }
  16          
  17          void int1() interrupt 3
  18          {
  19   1        //TH0=(65536-50000)/256;
  20   1        //TL0=(65536-50000)%256;
  21   1        TH0=0x3c;
  22   1        TL0=0xb0;
  23   1        i++;
  24   1      }
  25          
  26          void main()
  27          {
  28   1        init1();
  29   1        while(1)
  30   1        {
  31   2        if(i==10)
  32   2        {
  33   3          i=0;
  34   3          P2=~P2;
  35   3        }
  36   2        }
  37   1      }


MODULE INFORMATION:   STATIC OVERLAYABLE
   CODE SIZE        =     55    ----
   CONSTANT SIZE    =   ----    ----
   XDATA SIZE       =   ----    ----
   PDATA SIZE       =   ----    ----
   DATA SIZE        =      2    ----
   IDATA SIZE       =   ----    ----
   BIT SIZE         =   ----    ----
END OF MODULE INFORMATION.


C51 COMPILATION COMPLETE.  0 WARNING(S),  0 ERROR(S)
