C51 COMPILER V9.57.0.0   3                                                                 01/28/2021 22:23:12 PAGE 1   


C51 COMPILER V9.57.0.0, COMPILATION OF MODULE 3
OBJECT MODULE PLACED IN .\Objects\3.obj
COMPILER INVOKED BY: E:\Program Files (x86)\keil\C51\BIN\C51.EXE 3.c OPTIMIZE(8,SPEED) BROWSE DEBUG OBJECTEXTEND PRINT(.
                    -\Listings\3.lst) TABS(2) OBJECT(.\Objects\3.obj)

line level    source

   1          #include <reg52.h>
   2          
   3          void init0()
   4          {
   5   1        EA=1;//打开总中断 
   6   1        ET0=1;//打开计数器0
   7   1        TMOD=0x01;//设置定时器工作模式  ： 计时器0，工作方式1
   8   1        TR0=1;//开始计数
   9   1        //TH0=(65536-50000)/256;
  10   1        //TL0=(65536-50000)%256;
  11   1        TH0=0x3c;
  12   1        TL0=0xb0;
  13   1      }
  14          
  15          void int0() interrupt 1
  16          {
  17   1        static unsigned int i = 0;
  18   1        //TH0=(65536-50000)/256;
  19   1        //TL0=(65536-50000)%256;
  20   1        TH0=0x3c;
  21   1        TL0=0xb0;
  22   1        i++;
  23   1        if(i==20)
  24   1        {
  25   2          i=0;
  26   2          P2=~P2;
  27   2        }
  28   1      
  29   1      }
  30          
  31          void main()
  32          {
  33   1        init0();
  34   1        while(1)
  35   1        {
  36   2          ;
  37   2        }
  38   1      }


MODULE INFORMATION:   STATIC OVERLAYABLE
   CODE SIZE        =     53    ----
   CONSTANT SIZE    =   ----    ----
   XDATA SIZE       =   ----    ----
   PDATA SIZE       =   ----    ----
   DATA SIZE        =      2    ----
   IDATA SIZE       =   ----    ----
   BIT SIZE         =   ----    ----
END OF MODULE INFORMATION.


C51 COMPILATION COMPLETE.  0 WARNING(S),  0 ERROR(S)
