C51 COMPILER V9.57.0.0   _1                                                                01/23/2021 17:33:26 PAGE 1   


C51 COMPILER V9.57.0.0, COMPILATION OF MODULE _1
OBJECT MODULE PLACED IN _1.OBJ
COMPILER INVOKED BY: E:\Program Files (x86)\keil\C51\BIN\C51.EXE _1.c OPTIMIZE(8,SPEED) DEBUG OBJECTEXTEND PRINT(.\Listi
                    -ngs\_1.lst) TABS(2)

line level    source

   1          #include<reg52.h>
   2          #include<stdlib.h>
   3          #include<time.h>
*** WARNING C318 IN LINE 3 OF _1.c: can't open file 'time.h'
   4          #include<stdio.h>
   5          /*****************
   6          ***点亮全部的灯***
   7          *****************/
   8          
   9          //方法一
  10          //以位操作方式
  11          
  12          /*
  13          sbit D1=P2^0;
  14          sbit D2=P2^1;
  15          sbit D3=P2^2;
  16          sbit D4=P2^3;
  17          sbit D5=P2^4;
  18          sbit D6=P2^5;
  19          sbit D7=P2^6;
  20          sbit D8=P2^7;
  21          void main()
  22          {
  23            D1=0;
  24            D2=0;
  25            D3=0;
  26            D4=0;
  27            D5=0;
  28            D6=0;
  29            D7=0;
  30            D8=0;
  31          }
  32          */
  33          
  34          //方法二
  35          //以总线操作方式
  36          void main()
  37          {
  38   1        while(1)
  39   1        {
  40   2          P2=0x00;
  41   2          Sleep(100);
*** WARNING C206 IN LINE 41 OF _1.c: 'Sleep': missing function-prototype
*** ERROR C267 IN LINE 41 OF _1.c: 'Sleep': requires ANSI-style prototype
  42   2          P2=0xff;
  43   2          Sleep(100);
  44   2        }
  45   1        
  46   1      }

C51 COMPILATION COMPLETE.  2 WARNING(S),  1 ERROR(S)
