C51 COMPILER V9.57.0.0   4                                                                 01/26/2021 23:39:51 PAGE 1   


C51 COMPILER V9.57.0.0, COMPILATION OF MODULE 4
OBJECT MODULE PLACED IN .\Objects\4.obj
COMPILER INVOKED BY: E:\Program Files (x86)\keil\C51\BIN\C51.EXE 4.c OPTIMIZE(8,SPEED) BROWSE DEBUG OBJECTEXTEND PRINT(.
                    -\Listings\4.lst) TABS(2) OBJECT(.\Objects\4.obj)

line level    source

   1          #include <reg52.h>
   2          
   3          sbit LSA=P2^2;
   4          sbit LSB=P2^3;
   5          sbit LSC=P2^4;
   6          
   7          #define uint unsigned int 
   8          #define uchar unsigned char
   9            
  10          uchar code table[17]={0x3f,0x06,0x5b,0x4f,0x66,0x6d,0x7d,0x07,
  11                        0x7f,0x6f,0x77,0x7c,0x39,0x5e,0x79,0x71};//œ‘ æ0~Fµƒ÷µ
  12            
  13          void delay(uint a)
  14          {
  15   1        while(a--);
  16   1      }
  17          
  18          void main()
  19          {
  20   1        while(1)
  21   1        {
  22   2          int j=0,i=0;
  23   2          for(j=0;j<16;j++)
  24   2          {
  25   3            P0=table[j];
  26   3            for(i=0;i<8;i++)
  27   3            {
  28   4              switch(i)         
  29   4              {
  30   5                case(0):
  31   5                        LSA=0;LSB=0;LSC=0; break;
  32   5                case(1):
  33   5                        LSA=1;LSB=0;LSC=0; break;
  34   5                case(2):
  35   5                        LSA=0;LSB=1;LSC=0; break;
  36   5                case(3):
  37   5                        LSA=1;LSB=1;LSC=0; break;
  38   5                case(4):
  39   5                        LSA=0;LSB=0;LSC=1; break;
  40   5                case(5):
  41   5                        LSA=1;LSB=0;LSC=1; break;
  42   5                case(6):
  43   5                        LSA=0;LSB=1;LSC=1; break;
  44   5                case(7):
  45   5                        LSA=1;LSB=1;LSC=1; break;
  46   5            }
  47   4              delay(10000);
  48   4          }
  49   3        }
  50   2      
  51   2        }
  52   1      }


C51 COMPILER V9.57.0.0   4                                                                 01/26/2021 23:39:51 PAGE 2   

MODULE INFORMATION:   STATIC OVERLAYABLE
   CODE SIZE        =    184    ----
   CONSTANT SIZE    =     17    ----
   XDATA SIZE       =   ----    ----
   PDATA SIZE       =   ----    ----
   DATA SIZE        =   ----       4
   IDATA SIZE       =   ----    ----
   BIT SIZE         =   ----    ----
END OF MODULE INFORMATION.


C51 COMPILATION COMPLETE.  0 WARNING(S),  0 ERROR(S)
