C51 COMPILER V9.57.0.0   1                                                                 01/25/2021 21:23:47 PAGE 1   


C51 COMPILER V9.57.0.0, COMPILATION OF MODULE 1
OBJECT MODULE PLACED IN .\Objects\1.obj
COMPILER INVOKED BY: E:\Program Files (x86)\keil\C51\BIN\C51.EXE 1.c OPTIMIZE(8,SPEED) BROWSE DEBUG OBJECTEXTEND PRINT(.
                    -\Listings\1.lst) TABS(2) OBJECT(.\Objects\1.obj)

line level    source

   1          #include <reg52.h>
   2          #include <intrins.h>
   3          #define uint unsigned int
   4          #define uchar unsigned char
   5            
   6          sbit beep = P1^5;
   7            
   8          void delay(uint a)
   9          {
  10   1        while(a--);
  11   1      }
  12          
  13          int pow(int a,int b)
  14          {
  15   1        int ret=1;
  16   1        int i=0;
  17   1        for(i=0;i<b;i++)
  18   1        {
  19   2          ret*=a;
  20   2        }
  21   1        return ret;
  22   1      }
  23          
  24          void exter0() interrupt 0
  25          {
  26   1        beep = ~beep;
  27   1        delay(100);
  28   1      }
  29          
  30          void main()
  31          {
  32   1        EA = 1; //打开总中断  
  33   1        EX0 = 1; //打开外部中断0
  34   1        //IT0 = 0; 默认为0，即为电平触发方式
  35   1        IT0 = 1;//
  36   1        // TCON = 0x01; // 通过位操作调节触发方式，效果与上相同
  37   1        while(1)
  38   1        {
  39   2          uint j,i;
  40   2          uchar temp=0xfe;
  41   2          for(i=0;i<8;i++)
  42   2          {
  43   3            P2=temp;
  44   3            for(j=0;j<8-i;j++)            
  45   3            {
  46   4              delay(10000);
  47   4              P2=_crol_(P2,1);//控制灯的移动
  48   4            }
  49   3            temp-=pow(2,i+1);//控制灯的个数 
  50   3          }
  51   2        }
  52   1      }
  53          

C51 COMPILER V9.57.0.0   1                                                                 01/25/2021 21:23:47 PAGE 2   


MODULE INFORMATION:   STATIC OVERLAYABLE
   CODE SIZE        =    201    ----
   CONSTANT SIZE    =   ----    ----
   XDATA SIZE       =   ----    ----
   PDATA SIZE       =   ----    ----
   DATA SIZE        =   ----       9
   IDATA SIZE       =   ----    ----
   BIT SIZE         =   ----    ----
END OF MODULE INFORMATION.


C51 COMPILATION COMPLETE.  0 WARNING(S),  0 ERROR(S)
