C51 COMPILER V9.57.0.0   _1                                                                01/23/2021 20:16:08 PAGE 1   


C51 COMPILER V9.57.0.0, COMPILATION OF MODULE _1
OBJECT MODULE PLACED IN .\Objects\_1.obj
COMPILER INVOKED BY: E:\Program Files (x86)\keil\C51\BIN\C51.EXE _1.c OPTIMIZE(8,SPEED) BROWSE DEBUG OBJECTEXTEND PRINT(
                    -.\Listings\_1.lst) TABS(2) OBJECT(.\Objects\_1.obj)

line level    source

   1          /*
   2          #include<reg52.h>
   3          
   4          sbit D1=P2^0;
   5          unsigned int a;
   6          
   7          
   8          void main()
   9          {
  10            while(1)
  11            {
  12              a=51000;
  13              D1=0;
  14              while(a--);
  15              a=50000;
  16              D1=1;
  17              while(a--);
  18            }
  19          }
  20          */
  21          #include <reg52.h>
  22          #define uint unsigned int
  23          #define uchar unsigned char
  24          sbit D1=P2^0;
  25          
  26          void delay_1()//不带参数
  27          {
  28   1        uint x,y;
  29   1        for(x=100;x>0;x--)
  30   1          for(y=2000;y>0;y--);
  31   1      }
  32          
  33          void delay(uint a)//带参数
  34          {
  35   1        while(a--);
  36   1      }
  37          
  38          void main()
  39          {
  40   1        while(1)
  41   1        {
  42   2          D1=0;
  43   2          delay_1();
  44   2          D1=1;
  45   2          delay(50000);
  46   2        }
  47   1      }


MODULE INFORMATION:   STATIC OVERLAYABLE
   CODE SIZE        =     54    ----
   CONSTANT SIZE    =   ----    ----
   XDATA SIZE       =   ----    ----
   PDATA SIZE       =   ----    ----
C51 COMPILER V9.57.0.0   _1                                                                01/23/2021 20:16:08 PAGE 2   

   DATA SIZE        =   ----    ----
   IDATA SIZE       =   ----    ----
   BIT SIZE         =   ----    ----
END OF MODULE INFORMATION.


C51 COMPILATION COMPLETE.  0 WARNING(S),  0 ERROR(S)
