C51 COMPILER V9.57.0.0   MAIN                                                              01/26/2021 23:35:41 PAGE 1   


C51 COMPILER V9.57.0.0, COMPILATION OF MODULE MAIN
OBJECT MODULE PLACED IN main.OBJ
COMPILER INVOKED BY: E:\Program Files (x86)\keil\C51\BIN\C51.EXE main.c OPTIMIZE(8,SPEED) BROWSE DEBUG OBJECTEXTEND TABS
                    -(2)

line level    source

   1          
   2          #include "reg52.h"       //此文件中定义了单片机的一些特殊功能寄存器
   3          
   4          typedef unsigned int u16;   //对数据类型进行声明定义
   5          typedef unsigned char u8;
   6          
   7          sbit LSA=P2^2;
   8          sbit LSB=P2^3;
   9          sbit LSC=P2^4;
  10          
  11          u16 count=0;
  12          
  13          
  14          u8 code smgduan[17]={0x3f,0x06,0x5b,0x4f,0x66,0x6d,0x7d,0x07,
  15                    0x7f,0x6f,0x77,0x7c,0x39,0x5e,0x79,0x71};//显示0~F的值
  16          
  17          /******************************************************************************
  18          * 函 数 名         : delay
  19          * 函数功能       : 延时函数，i=1时，大约延时10us
  20          ******************************************************************************/
  21          void delay(u16 i)
  22          {
  23   1        while(i--); 
  24   1      }
  25          
  26          void DigDisplay()
  27          {
  28   1        u8 i,j;
  29   1        P0=smgduan[count];//发送段码
  30   1        for(j=0;j<50;j++) //来控制时间间隔
  31   1        {
  32   2          for(i=0;i<8;i++)
  33   2          {
  34   3            switch(i)  //位选，选择点亮的数码管，可以控制亮哪几个灯
  35   3            {
  36   4              case(0):
  37   4                LSA=1;LSB=1;LSC=1; break;//显示第0位
  38   4              case(1):
  39   4                LSA=0;LSB=1;LSC=1; break;//显示第1位
  40   4              case(2):
  41   4                LSA=1;LSB=0;LSC=1; break;//显示第2位
  42   4              case(3):  
  43   4                LSA=0;LSB=0;LSC=1; break;//显示第3位
  44   4              case(4):
  45   4                LSA=1;LSB=1;LSC=0; break;//显示第4位
  46   4              case(5):
  47   4                LSA=0;LSB=1;LSC=0; break;//显示第5位
  48   4              case(6):
  49   4                LSA=1;LSB=0;LSC=0; break;//显示第6位
  50   4              case(7):
  51   4                LSA=0;LSB=0;LSC=0; break;//显示第7位  
  52   4            }
  53   3            delay(100); //间隔一段时间扫描  
  54   3          }
C51 COMPILER V9.57.0.0   MAIN                                                              01/26/2021 23:35:41 PAGE 2   

  55   2        }
  56   1      }
  57            
  58          
  59          
  60          void main()
  61          { 
  62   1        while(1)
  63   1        { 
  64   2          DigDisplay();  //数码管显示函数 
  65   2          count++;
  66   2          if (count==16)//循环往复
  67   2            count=0;
  68   2        }   
  69   1      }


MODULE INFORMATION:   STATIC OVERLAYABLE
   CODE SIZE        =    155    ----
   CONSTANT SIZE    =     17    ----
   XDATA SIZE       =   ----    ----
   PDATA SIZE       =   ----    ----
   DATA SIZE        =      2    ----
   IDATA SIZE       =   ----    ----
   BIT SIZE         =   ----    ----
END OF MODULE INFORMATION.


C51 COMPILATION COMPLETE.  0 WARNING(S),  0 ERROR(S)
